<?xml version="1.0" encoding="UTF-8"?>
<testsuite xmlns:xsi="http://www.w3.org/2001/XMLSchema-instance" xsi:noNamespaceSchemaLocation="https://maven.apache.org/surefire/maven-surefire-plugin/xsd/surefire-test-report-3.0.xsd" version="3.0" name="edu.cmu.cs214.Santorini.game.GameControllerTest" time="1.093" tests="1" errors="0" skipped="0" failures="0">
  <properties>
[...]
</properties>
  <testcase name="testInitGame" classname="edu.cmu.cs214.Santorini.game.GameControllerTest" time="1.077">
    <system-out><![CDATA[05:07:33.241 [main] DEBUG org.springframework.test.context.junit4.SpringJUnit4ClassRunner - SpringJUnit4ClassRunner constructor called with [class edu.cmu.cs214.Santorini.game.GameControllerTest]
05:07:33.259 [main] DEBUG org.springframework.test.context.BootstrapUtils - Instantiating CacheAwareContextLoaderDelegate from class [org.springframework.test.context.cache.DefaultCacheAwareContextLoaderDelegate]
05:07:33.280 [main] DEBUG org.springframework.test.context.BootstrapUtils - Instantiating BootstrapContext using constructor [public org.springframework.test.context.support.DefaultBootstrapContext(java.lang.Class,org.springframework.test.context.CacheAwareContextLoaderDelegate)]
05:07:33.374 [main] DEBUG org.springframework.test.context.BootstrapUtils - Instantiating TestContextBootstrapper for test class [edu.cmu.cs214.Santorini.game.GameControllerTest] from class [org.springframework.boot.test.context.SpringBootTestContextBootstrapper]
05:07:33.397 [main] INFO org.springframework.boot.test.context.SpringBootTestContextBootstrapper - Neither @ContextConfiguration nor @ContextHierarchy found for test class [edu.cmu.cs214.Santorini.game.GameControllerTest], using SpringBootContextLoader
05:07:33.405 [main] DEBUG org.springframework.test.context.support.AbstractContextLoader - Did not detect default resource location for test class [edu.cmu.cs214.Santorini.game.GameControllerTest]: class path resource [edu/cmu/cs214/Santorini/game/GameControllerTest-context.xml] does not exist
05:07:33.406 [main] DEBUG org.springframework.test.context.support.AbstractContextLoader - Did not detect default resource location for test class [edu.cmu.cs214.Santorini.game.GameControllerTest]: class path resource [edu/cmu/cs214/Santorini/game/GameControllerTestContext.groovy] does not exist
05:07:33.406 [main] INFO org.springframework.test.context.support.AbstractContextLoader - Could not detect default resource locations for test class [edu.cmu.cs214.Santorini.game.GameControllerTest]: no resource found for suffixes {-context.xml, Context.groovy}.
05:07:33.499 [main] DEBUG org.springframework.test.context.support.ActiveProfilesUtils - Could not find an 'annotation declaring class' for annotation type [org.springframework.test.context.ActiveProfiles] and class [edu.cmu.cs214.Santorini.game.GameControllerTest]
05:07:33.770 [main] DEBUG org.springframework.boot.test.context.SpringBootTestContextBootstrapper - @TestExecutionListeners is not present for class [edu.cmu.cs214.Santorini.game.GameControllerTest]: using defaults.
05:07:33.771 [main] INFO org.springframework.boot.test.context.SpringBootTestContextBootstrapper - Loaded default TestExecutionListener class names from location [META-INF/spring.factories]: [org.springframework.boot.test.mock.mockito.MockitoTestExecutionListener, org.springframework.boot.test.mock.mockito.ResetMocksTestExecutionListener, org.springframework.boot.test.autoconfigure.restdocs.RestDocsTestExecutionListener, org.springframework.boot.test.autoconfigure.web.client.MockRestServiceServerResetTestExecutionListener, org.springframework.boot.test.autoconfigure.web.servlet.MockMvcPrintOnlyOnFailureTestExecutionListener, org.springframework.boot.test.autoconfigure.web.servlet.WebDriverTestExecutionListener, org.springframework.boot.test.autoconfigure.webservices.client.MockWebServiceServerTestExecutionListener, org.springframework.test.context.web.ServletTestExecutionListener, org.springframework.test.context.support.DirtiesContextBeforeModesTestExecutionListener, org.springframework.test.context.event.ApplicationEventsTestExecutionListener, org.springframework.test.context.support.DependencyInjectionTestExecutionListener, org.springframework.test.context.support.DirtiesContextTestExecutionListener, org.springframework.test.context.transaction.TransactionalTestExecutionListener, org.springframework.test.context.jdbc.SqlScriptsTestExecutionListener, org.springframework.test.context.event.EventPublishingTestExecutionListener]
05:07:33.801 [main] DEBUG org.springframework.boot.test.context.SpringBootTestContextBootstrapper - Skipping candidate TestExecutionListener [org.springframework.test.context.transaction.TransactionalTestExecutionListener] due to a missing dependency. Specify custom listener classes or make the default listener classes and their required dependencies available. Offending class: [org/springframework/transaction/interceptor/TransactionAttributeSource]
05:07:33.802 [main] DEBUG org.springframework.boot.test.context.SpringBootTestContextBootstrapper - Skipping candidate TestExecutionListener [org.springframework.test.context.jdbc.SqlScriptsTestExecutionListener] due to a missing dependency. Specify custom listener classes or make the default listener classes and their required dependencies available. Offending class: [org/springframework/transaction/interceptor/TransactionAttribute]
05:07:33.802 [main] INFO org.springframework.boot.test.context.SpringBootTestContextBootstrapper - Using TestExecutionListeners: [org.springframework.test.context.web.ServletTestExecutionListener@64f555e7, org.springframework.test.context.support.DirtiesContextBeforeModesTestExecutionListener@71178a52, org.springframework.test.context.event.ApplicationEventsTestExecutionListener@ff6077, org.springframework.boot.test.mock.mockito.MockitoTestExecutionListener@abbc908, org.springframework.boot.test.autoconfigure.SpringBootDependencyInjectionTestExecutionListener@44afefd5, org.springframework.test.context.support.DirtiesContextTestExecutionListener@9a7a808, org.springframework.test.context.event.EventPublishingTestExecutionListener@72209d93, org.springframework.boot.test.mock.mockito.ResetMocksTestExecutionListener@2687f956, org.springframework.boot.test.autoconfigure.restdocs.RestDocsTestExecutionListener@1ded7b14, org.springframework.boot.test.autoconfigure.web.client.MockRestServiceServerResetTestExecutionListener@29be7749, org.springframework.boot.test.autoconfigure.web.servlet.MockMvcPrintOnlyOnFailureTestExecutionListener@5f84abe8, org.springframework.boot.test.autoconfigure.web.servlet.WebDriverTestExecutionListener@4650a407, org.springframework.boot.test.autoconfigure.webservices.client.MockWebServiceServerTestExecutionListener@30135202]
05:07:33.816 [main] DEBUG org.springframework.test.context.junit4.SpringJUnit4ClassRunner - SpringJUnit4ClassRunner constructor called with [class edu.cmu.cs214.Santorini.IntegrationTest]
05:07:33.817 [main] DEBUG org.springframework.test.context.BootstrapUtils - Instantiating CacheAwareContextLoaderDelegate from class [org.springframework.test.context.cache.DefaultCacheAwareContextLoaderDelegate]
05:07:33.817 [main] DEBUG org.springframework.test.context.BootstrapUtils - Instantiating BootstrapContext using constructor [public org.springframework.test.context.support.DefaultBootstrapContext(java.lang.Class,org.springframework.test.context.CacheAwareContextLoaderDelegate)]
05:07:33.817 [main] DEBUG org.springframework.test.context.BootstrapUtils - Instantiating TestContextBootstrapper for test class [edu.cmu.cs214.Santorini.IntegrationTest] from class [org.springframework.boot.test.context.SpringBootTestContextBootstrapper]
05:07:33.818 [main] INFO org.springframework.boot.test.context.SpringBootTestContextBootstrapper - Neither @ContextConfiguration nor @ContextHierarchy found for test class [edu.cmu.cs214.Santorini.IntegrationTest], using SpringBootContextLoader
05:07:33.819 [main] DEBUG org.springframework.test.context.support.AbstractContextLoader - Did not detect default resource location for test class [edu.cmu.cs214.Santorini.IntegrationTest]: class path resource [edu/cmu/cs214/Santorini/IntegrationTest-context.xml] does not exist
05:07:33.821 [main] DEBUG org.springframework.test.context.support.AbstractContextLoader - Did not detect default resource location for test class [edu.cmu.cs214.Santorini.IntegrationTest]: class path resource [edu/cmu/cs214/Santorini/IntegrationTestContext.groovy] does not exist
05:07:33.821 [main] INFO org.springframework.test.context.support.AbstractContextLoader - Could not detect default resource locations for test class [edu.cmu.cs214.Santorini.IntegrationTest]: no resource found for suffixes {-context.xml, Context.groovy}.
05:07:33.824 [main] DEBUG org.springframework.test.context.support.ActiveProfilesUtils - Could not find an 'annotation declaring class' for annotation type [org.springframework.test.context.ActiveProfiles] and class [edu.cmu.cs214.Santorini.IntegrationTest]
05:07:33.827 [main] DEBUG org.springframework.boot.test.context.SpringBootTestContextBootstrapper - @TestExecutionListeners is not present for class [edu.cmu.cs214.Santorini.IntegrationTest]: using defaults.
05:07:33.827 [main] INFO org.springframework.boot.test.context.SpringBootTestContextBootstrapper - Loaded default TestExecutionListener class names from location [META-INF/spring.factories]: [org.springframework.boot.test.mock.mockito.MockitoTestExecutionListener, org.springframework.boot.test.mock.mockito.ResetMocksTestExecutionListener, org.springframework.boot.test.autoconfigure.restdocs.RestDocsTestExecutionListener, org.springframework.boot.test.autoconfigure.web.client.MockRestServiceServerResetTestExecutionListener, org.springframework.boot.test.autoconfigure.web.servlet.MockMvcPrintOnlyOnFailureTestExecutionListener, org.springframework.boot.test.autoconfigure.web.servlet.WebDriverTestExecutionListener, org.springframework.boot.test.autoconfigure.webservices.client.MockWebServiceServerTestExecutionListener, org.springframework.test.context.web.ServletTestExecutionListener, org.springframework.test.context.support.DirtiesContextBeforeModesTestExecutionListener, org.springframework.test.context.event.ApplicationEventsTestExecutionListener, org.springframework.test.context.support.DependencyInjectionTestExecutionListener, org.springframework.test.context.support.DirtiesContextTestExecutionListener, org.springframework.test.context.transaction.TransactionalTestExecutionListener, org.springframework.test.context.jdbc.SqlScriptsTestExecutionListener, org.springframework.test.context.event.EventPublishingTestExecutionListener]
05:07:33.828 [main] DEBUG org.springframework.boot.test.context.SpringBootTestContextBootstrapper - Skipping candidate TestExecutionListener [org.springframework.test.context.transaction.TransactionalTestExecutionListener] due to a missing dependency. Specify custom listener classes or make the default listener classes and their required dependencies available. Offending class: [org/springframework/transaction/interceptor/TransactionAttributeSource]
05:07:33.829 [main] DEBUG org.springframework.boot.test.context.SpringBootTestContextBootstrapper - Skipping candidate TestExecutionListener [org.springframework.test.context.jdbc.SqlScriptsTestExecutionListener] due to a missing dependency. Specify custom listener classes or make the default listener classes and their required dependencies available. Offending class: [org/springframework/transaction/interceptor/TransactionAttribute]
05:07:33.829 [main] INFO org.springframework.boot.test.context.SpringBootTestContextBootstrapper - Using TestExecutionListeners: [org.springframework.test.context.web.ServletTestExecutionListener@b558294, org.springframework.test.context.support.DirtiesContextBeforeModesTestExecutionListener@bb095, org.springframework.test.context.event.ApplicationEventsTestExecutionListener@777c350f, org.springframework.boot.test.mock.mockito.MockitoTestExecutionListener@27aae97b, org.springframework.boot.test.autoconfigure.SpringBootDependencyInjectionTestExecutionListener@4c9e38, org.springframework.test.context.support.DirtiesContextTestExecutionListener@5d1e09bc, org.springframework.test.context.event.EventPublishingTestExecutionListener@4bdc8b5d, org.springframework.boot.test.mock.mockito.ResetMocksTestExecutionListener@3bcd426c, org.springframework.boot.test.autoconfigure.restdocs.RestDocsTestExecutionListener@5f14a673, org.springframework.boot.test.autoconfigure.web.client.MockRestServiceServerResetTestExecutionListener@726a17c4, org.springframework.boot.test.autoconfigure.web.servlet.MockMvcPrintOnlyOnFailureTestExecutionListener@5dc3fcb7, org.springframework.boot.test.autoconfigure.web.servlet.WebDriverTestExecutionListener@c4c0b41, org.springframework.boot.test.autoconfigure.webservices.client.MockWebServiceServerTestExecutionListener@76911385]
05:07:33.831 [main] DEBUG org.springframework.test.context.junit4.SpringJUnit4ClassRunner - SpringJUnit4ClassRunner constructor called with [class edu.cmu.cs214.Santorini.god.GodControllerTest]
05:07:33.832 [main] DEBUG org.springframework.test.context.BootstrapUtils - Instantiating CacheAwareContextLoaderDelegate from class [org.springframework.test.context.cache.DefaultCacheAwareContextLoaderDelegate]
05:07:33.832 [main] DEBUG org.springframework.test.context.BootstrapUtils - Instantiating BootstrapContext using constructor [public org.springframework.test.context.support.DefaultBootstrapContext(java.lang.Class,org.springframework.test.context.CacheAwareContextLoaderDelegate)]
05:07:33.832 [main] DEBUG org.springframework.test.context.BootstrapUtils - Instantiating TestContextBootstrapper for test class [edu.cmu.cs214.Santorini.god.GodControllerTest] from class [org.springframework.boot.test.context.SpringBootTestContextBootstrapper]
05:07:33.833 [main] INFO org.springframework.boot.test.context.SpringBootTestContextBootstrapper - Neither @ContextConfiguration nor @ContextHierarchy found for test class [edu.cmu.cs214.Santorini.god.GodControllerTest], using SpringBootContextLoader
05:07:33.834 [main] DEBUG org.springframework.test.context.support.AbstractContextLoader - Did not detect default resource location for test class [edu.cmu.cs214.Santorini.god.GodControllerTest]: class path resource [edu/cmu/cs214/Santorini/god/GodControllerTest-context.xml] does not exist
05:07:33.835 [main] DEBUG org.springframework.test.context.support.AbstractContextLoader - Did not detect default resource location for test class [edu.cmu.cs214.Santorini.god.GodControllerTest]: class path resource [edu/cmu/cs214/Santorini/god/GodControllerTestContext.groovy] does not exist
05:07:33.835 [main] INFO org.springframework.test.context.support.AbstractContextLoader - Could not detect default resource locations for test class [edu.cmu.cs214.Santorini.god.GodControllerTest]: no resource found for suffixes {-context.xml, Context.groovy}.
05:07:33.837 [main] DEBUG org.springframework.test.context.support.ActiveProfilesUtils - Could not find an 'annotation declaring class' for annotation type [org.springframework.test.context.ActiveProfiles] and class [edu.cmu.cs214.Santorini.god.GodControllerTest]
05:07:33.840 [main] DEBUG org.springframework.boot.test.context.SpringBootTestContextBootstrapper - @TestExecutionListeners is not present for class [edu.cmu.cs214.Santorini.god.GodControllerTest]: using defaults.
05:07:33.840 [main] INFO org.springframework.boot.test.context.SpringBootTestContextBootstrapper - Loaded default TestExecutionListener class names from location [META-INF/spring.factories]: [org.springframework.boot.test.mock.mockito.MockitoTestExecutionListener, org.springframework.boot.test.mock.mockito.ResetMocksTestExecutionListener, org.springframework.boot.test.autoconfigure.restdocs.RestDocsTestExecutionListener, org.springframework.boot.test.autoconfigure.web.client.MockRestServiceServerResetTestExecutionListener, org.springframework.boot.test.autoconfigure.web.servlet.MockMvcPrintOnlyOnFailureTestExecutionListener, org.springframework.boot.test.autoconfigure.web.servlet.WebDriverTestExecutionListener, org.springframework.boot.test.autoconfigure.webservices.client.MockWebServiceServerTestExecutionListener, org.springframework.test.context.web.ServletTestExecutionListener, org.springframework.test.context.support.DirtiesContextBeforeModesTestExecutionListener, org.springframework.test.context.event.ApplicationEventsTestExecutionListener, org.springframework.test.context.support.DependencyInjectionTestExecutionListener, org.springframework.test.context.support.DirtiesContextTestExecutionListener, org.springframework.test.context.transaction.TransactionalTestExecutionListener, org.springframework.test.context.jdbc.SqlScriptsTestExecutionListener, org.springframework.test.context.event.EventPublishingTestExecutionListener]
05:07:33.841 [main] DEBUG org.springframework.boot.test.context.SpringBootTestContextBootstrapper - Skipping candidate TestExecutionListener [org.springframework.test.context.transaction.TransactionalTestExecutionListener] due to a missing dependency. Specify custom listener classes or make the default listener classes and their required dependencies available. Offending class: [org/springframework/transaction/interceptor/TransactionAttributeSource]
05:07:33.842 [main] DEBUG org.springframework.boot.test.context.SpringBootTestContextBootstrapper - Skipping candidate TestExecutionListener [org.springframework.test.context.jdbc.SqlScriptsTestExecutionListener] due to a missing dependency. Specify custom listener classes or make the default listener classes and their required dependencies available. Offending class: [org/springframework/transaction/interceptor/TransactionAttribute]
05:07:33.842 [main] INFO org.springframework.boot.test.context.SpringBootTestContextBootstrapper - Using TestExecutionListeners: [org.springframework.test.context.web.ServletTestExecutionListener@40ab8a8, org.springframework.test.context.support.DirtiesContextBeforeModesTestExecutionListener@6ff37443, org.springframework.test.context.event.ApplicationEventsTestExecutionListener@65cc8228, org.springframework.boot.test.mock.mockito.MockitoTestExecutionListener@53093491, org.springframework.boot.test.autoconfigure.SpringBootDependencyInjectionTestExecutionListener@21719a0, org.springframework.test.context.support.DirtiesContextTestExecutionListener@76b224cd, org.springframework.test.context.event.EventPublishingTestExecutionListener@77ee25f1, org.springframework.boot.test.mock.mockito.ResetMocksTestExecutionListener@6dd93a21, org.springframework.boot.test.autoconfigure.restdocs.RestDocsTestExecutionListener@57b9e423, org.springframework.boot.test.autoconfigure.web.client.MockRestServiceServerResetTestExecutionListener@304a3655, org.springframework.boot.test.autoconfigure.web.servlet.MockMvcPrintOnlyOnFailureTestExecutionListener@368d5c00, org.springframework.boot.test.autoconfigure.web.servlet.WebDriverTestExecutionListener@12a160c2, org.springframework.boot.test.autoconfigure.webservices.client.MockWebServiceServerTestExecutionListener@aa10649]
05:07:33.864 [main] DEBUG org.springframework.test.annotation.ProfileValueUtils - Retrieved @ProfileValueSourceConfiguration [null] for test class [edu.cmu.cs214.Santorini.game.GameControllerTest]
05:07:33.866 [main] DEBUG org.springframework.test.annotation.ProfileValueUtils - Retrieved ProfileValueSource type [class org.springframework.test.annotation.SystemProfileValueSource] for class [edu.cmu.cs214.Santorini.game.GameControllerTest]
05:07:33.869 [main] DEBUG org.springframework.test.annotation.ProfileValueUtils - Retrieved @ProfileValueSourceConfiguration [null] for test class [edu.cmu.cs214.Santorini.IntegrationTest]
05:07:33.869 [main] DEBUG org.springframework.test.annotation.ProfileValueUtils - Retrieved ProfileValueSource type [class org.springframework.test.annotation.SystemProfileValueSource] for class [edu.cmu.cs214.Santorini.IntegrationTest]
05:07:33.869 [main] DEBUG org.springframework.test.annotation.ProfileValueUtils - Retrieved @ProfileValueSourceConfiguration [null] for test class [edu.cmu.cs214.Santorini.god.GodControllerTest]
05:07:33.869 [main] DEBUG org.springframework.test.annotation.ProfileValueUtils - Retrieved ProfileValueSource type [class org.springframework.test.annotation.SystemProfileValueSource] for class [edu.cmu.cs214.Santorini.god.GodControllerTest]
05:07:33.873 [main] DEBUG org.springframework.test.annotation.ProfileValueUtils - Retrieved @ProfileValueSourceConfiguration [null] for test class [edu.cmu.cs214.Santorini.game.GameControllerTest]
05:07:33.873 [main] DEBUG org.springframework.test.annotation.ProfileValueUtils - Retrieved ProfileValueSource type [class org.springframework.test.annotation.SystemProfileValueSource] for class [edu.cmu.cs214.Santorini.game.GameControllerTest]
05:07:33.874 [main] DEBUG org.springframework.test.annotation.ProfileValueUtils - Retrieved @ProfileValueSourceConfiguration [null] for test class [edu.cmu.cs214.Santorini.IntegrationTest]
05:07:33.874 [main] DEBUG org.springframework.test.annotation.ProfileValueUtils - Retrieved ProfileValueSource type [class org.springframework.test.annotation.SystemProfileValueSource] for class [edu.cmu.cs214.Santorini.IntegrationTest]
05:07:33.874 [main] DEBUG org.springframework.test.annotation.ProfileValueUtils - Retrieved @ProfileValueSourceConfiguration [null] for test class [edu.cmu.cs214.Santorini.god.GodControllerTest]
05:07:33.874 [main] DEBUG org.springframework.test.annotation.ProfileValueUtils - Retrieved ProfileValueSource type [class org.springframework.test.annotation.SystemProfileValueSource] for class [edu.cmu.cs214.Santorini.god.GodControllerTest]
05:07:33.875 [main] DEBUG org.springframework.test.annotation.ProfileValueUtils - Retrieved @ProfileValueSourceConfiguration [null] for test class [edu.cmu.cs214.Santorini.game.GameControllerTest]
05:07:33.876 [main] DEBUG org.springframework.test.annotation.ProfileValueUtils - Retrieved ProfileValueSource type [class org.springframework.test.annotation.SystemProfileValueSource] for class [edu.cmu.cs214.Santorini.game.GameControllerTest]
05:07:33.876 [main] DEBUG org.springframework.test.annotation.ProfileValueUtils - Retrieved @ProfileValueSourceConfiguration [null] for test class [edu.cmu.cs214.Santorini.game.GameControllerTest]
05:07:33.876 [main] DEBUG org.springframework.test.annotation.ProfileValueUtils - Retrieved ProfileValueSource type [class org.springframework.test.annotation.SystemProfileValueSource] for class [edu.cmu.cs214.Santorini.game.GameControllerTest]
05:07:33.882 [main] DEBUG org.springframework.test.context.support.AbstractDirtiesContextTestExecutionListener - Before test class: context [DefaultTestContext@7f02251 testClass = GameControllerTest, testInstance = [null], testMethod = [null], testException = [null], mergedContextConfiguration = [WebMergedContextConfiguration@dffa30b testClass = GameControllerTest, locations = '{}', classes = '{class edu.cmu.cs214.Santorini.SantoriniApplication}', contextInitializerClasses = '[]', activeProfiles = '{}', propertySourceLocations = '{}', propertySourceProperties = '{org.springframework.boot.test.context.SpringBootTestContextBootstrapper=true}', contextCustomizers = set[org.springframework.boot.test.context.filter.ExcludeFilterContextCustomizer@3ce3db41, org.springframework.boot.test.json.DuplicateJsonObjectContextCustomizerFactory$DuplicateJsonObjectContextCustomizer@2c3dec30, org.springframework.boot.test.mock.mockito.MockitoContextCustomizer@0, org.springframework.boot.test.web.client.TestRestTemplateContextCustomizer@39dcf4b0, org.springframework.boot.test.autoconfigure.actuate.metrics.MetricsExportContextCustomizerFactory$DisableMetricExportContextCustomizer@2488b073, org.springframework.boot.test.autoconfigure.properties.PropertyMappingContextCustomizer@0, org.springframework.boot.test.autoconfigure.web.servlet.WebDriverContextCustomizerFactory$Customizer@64beebb7, org.springframework.test.context.web.socket.MockServerContainerContextCustomizer@d5ae57e, org.springframework.boot.test.context.SpringBootTestArgs@1, org.springframework.boot.test.context.SpringBootTestWebEnvironment@4e70a728], resourceBasePath = 'src/main/webapp', contextLoader = 'org.springframework.boot.test.context.SpringBootContextLoader', parent = [null]], attributes = map['org.springframework.test.context.web.ServletTestExecutionListener.activateListener' -> true]], class annotated with @DirtiesContext [false] with mode [null].
05:07:33.884 [main] DEBUG org.springframework.test.annotation.ProfileValueUtils - Retrieved @ProfileValueSourceConfiguration [null] for test class [edu.cmu.cs214.Santorini.game.GameControllerTest]
05:07:33.885 [main] DEBUG org.springframework.test.annotation.ProfileValueUtils - Retrieved ProfileValueSource type [class org.springframework.test.annotation.SystemProfileValueSource] for class [edu.cmu.cs214.Santorini.game.GameControllerTest]
05:07:33.957 [main] DEBUG org.springframework.test.context.support.TestPropertySourceUtils - Adding inlined properties to environment: {spring.jmx.enabled=false, org.springframework.boot.test.context.SpringBootTestContextBootstrapper=true}

  .   ____          _            __ _ _
 /\\ / ___'_ __ _ _(_)_ __  __ _ \ \ \ \
( ( )\___ | '_ | '_| | '_ \/ _` | \ \ \ \
 \\/  ___)| |_)| | | | | || (_| |  ) ) ) )
  '  |____| .__|_| |_|_| |_\__, | / / / /
 =========|_|==============|___/=/_/_/_/
 :: Spring Boot ::                (v2.5.6)

2021-11-02 05:07:34.509  INFO 40799 --- [           main] e.c.c.Santorini.game.GameControllerTest  : Starting GameControllerTest using Java 16.0.2 on FLYNWANG-MB0 with PID 40799 (started by wfy in /Users/wfy/CMU_courses/17514/hw3-santorini-wfyhehe)
2021-11-02 05:07:34.512  INFO 40799 --- [           main] e.c.c.Santorini.game.GameControllerTest  : No active profile set, falling back to default profiles: default
2021-11-02 05:07:36.716  INFO 40799 --- [           main] e.c.c.Santorini.game.GameControllerTest  : Started GameControllerTest in 2.743 seconds (JVM running for 7.565)
2021-11-02 05:07:37.640  INFO 40799 --- [           main] o.s.b.t.m.w.SpringBootMockServletContext : Initializing Spring TestDispatcherServlet ''
2021-11-02 05:07:37.640  INFO 40799 --- [           main] o.s.t.web.servlet.TestDispatcherServlet  : Initializing Servlet ''
2021-11-02 05:07:37.641  INFO 40799 --- [           main] o.s.t.web.servlet.TestDispatcherServlet  : Completed initialization in 1 ms
]]></system-out>
  </testcase>
</testsuite>