<?xml version="1.0" encoding="UTF-8"?>
<testsuite xmlns:xsi="http://www.w3.org/2001/XMLSchema-instance" xsi:noNamespaceSchemaLocation="https://maven.apache.org/surefire/maven-surefire-plugin/xsd/surefire-test-report-3.0.xsd" version="3.0" name="edu.cmu.cs214.Santorini.SantoriniApplicationTests" time="4.65" tests="1" errors="0" skipped="0" failures="0">
  <properties>
[...]
</properties>
  <testcase name="contextLoads" classname="edu.cmu.cs214.Santorini.SantoriniApplicationTests" time="0.74">
    <system-out><![CDATA[20:47:17.134 [main] DEBUG org.springframework.test.context.BootstrapUtils - Instantiating CacheAwareContextLoaderDelegate from class [org.springframework.test.context.cache.DefaultCacheAwareContextLoaderDelegate]
20:47:17.162 [main] DEBUG org.springframework.test.context.BootstrapUtils - Instantiating BootstrapContext using constructor [public org.springframework.test.context.support.DefaultBootstrapContext(java.lang.Class,org.springframework.test.context.CacheAwareContextLoaderDelegate)]
20:47:17.261 [main] DEBUG org.springframework.test.context.BootstrapUtils - Instantiating TestContextBootstrapper for test class [edu.cmu.cs214.Santorini.SantoriniApplicationTests] from class [org.springframework.boot.test.context.SpringBootTestContextBootstrapper]
20:47:17.293 [main] INFO org.springframework.boot.test.context.SpringBootTestContextBootstrapper - Neither @ContextConfiguration nor @ContextHierarchy found for test class [edu.cmu.cs214.Santorini.SantoriniApplicationTests], using SpringBootContextLoader
20:47:17.305 [main] DEBUG org.springframework.test.context.support.AbstractContextLoader - Did not detect default resource location for test class [edu.cmu.cs214.Santorini.SantoriniApplicationTests]: class path resource [edu/cmu/cs214/Santorini/SantoriniApplicationTests-context.xml] does not exist
20:47:17.306 [main] DEBUG org.springframework.test.context.support.AbstractContextLoader - Did not detect default resource location for test class [edu.cmu.cs214.Santorini.SantoriniApplicationTests]: class path resource [edu/cmu/cs214/Santorini/SantoriniApplicationTestsContext.groovy] does not exist
20:47:17.307 [main] INFO org.springframework.test.context.support.AbstractContextLoader - Could not detect default resource locations for test class [edu.cmu.cs214.Santorini.SantoriniApplicationTests]: no resource found for suffixes {-context.xml, Context.groovy}.
20:47:17.309 [main] INFO org.springframework.test.context.support.AnnotationConfigContextLoaderUtils - Could not detect default configuration classes for test class [edu.cmu.cs214.Santorini.SantoriniApplicationTests]: SantoriniApplicationTests does not declare any static, non-private, non-final, nested classes annotated with @Configuration.
20:47:17.425 [main] DEBUG org.springframework.test.context.support.ActiveProfilesUtils - Could not find an 'annotation declaring class' for annotation type [org.springframework.test.context.ActiveProfiles] and class [edu.cmu.cs214.Santorini.SantoriniApplicationTests]
20:47:17.593 [main] DEBUG org.springframework.context.annotation.ClassPathScanningCandidateComponentProvider - Identified candidate component class: file [/Users/wfy/CMU_courses/17514/hw3-santorini-wfyhehe/target/classes/edu/cmu/cs214/Santorini/SantoriniApplication.class]
20:47:17.595 [main] INFO org.springframework.boot.test.context.SpringBootTestContextBootstrapper - Found @SpringBootConfiguration edu.cmu.cs214.Santorini.SantoriniApplication for test class edu.cmu.cs214.Santorini.SantoriniApplicationTests
20:47:17.941 [main] DEBUG org.springframework.boot.test.context.SpringBootTestContextBootstrapper - @TestExecutionListeners is not present for class [edu.cmu.cs214.Santorini.SantoriniApplicationTests]: using defaults.
20:47:17.942 [main] INFO org.springframework.boot.test.context.SpringBootTestContextBootstrapper - Loaded default TestExecutionListener class names from location [META-INF/spring.factories]: [org.springframework.boot.test.mock.mockito.MockitoTestExecutionListener, org.springframework.boot.test.mock.mockito.ResetMocksTestExecutionListener, org.springframework.boot.test.autoconfigure.restdocs.RestDocsTestExecutionListener, org.springframework.boot.test.autoconfigure.web.client.MockRestServiceServerResetTestExecutionListener, org.springframework.boot.test.autoconfigure.web.servlet.MockMvcPrintOnlyOnFailureTestExecutionListener, org.springframework.boot.test.autoconfigure.web.servlet.WebDriverTestExecutionListener, org.springframework.boot.test.autoconfigure.webservices.client.MockWebServiceServerTestExecutionListener, org.springframework.test.context.web.ServletTestExecutionListener, org.springframework.test.context.support.DirtiesContextBeforeModesTestExecutionListener, org.springframework.test.context.event.ApplicationEventsTestExecutionListener, org.springframework.test.context.support.DependencyInjectionTestExecutionListener, org.springframework.test.context.support.DirtiesContextTestExecutionListener, org.springframework.test.context.transaction.TransactionalTestExecutionListener, org.springframework.test.context.jdbc.SqlScriptsTestExecutionListener, org.springframework.test.context.event.EventPublishingTestExecutionListener]
20:47:17.980 [main] DEBUG org.springframework.boot.test.context.SpringBootTestContextBootstrapper - Skipping candidate TestExecutionListener [org.springframework.test.context.transaction.TransactionalTestExecutionListener] due to a missing dependency. Specify custom listener classes or make the default listener classes and their required dependencies available. Offending class: [org/springframework/transaction/interceptor/TransactionAttributeSource]
20:47:17.981 [main] DEBUG org.springframework.boot.test.context.SpringBootTestContextBootstrapper - Skipping candidate TestExecutionListener [org.springframework.test.context.jdbc.SqlScriptsTestExecutionListener] due to a missing dependency. Specify custom listener classes or make the default listener classes and their required dependencies available. Offending class: [org/springframework/transaction/interceptor/TransactionAttribute]
20:47:17.982 [main] INFO org.springframework.boot.test.context.SpringBootTestContextBootstrapper - Using TestExecutionListeners: [org.springframework.test.context.web.ServletTestExecutionListener@184fb68d, org.springframework.test.context.support.DirtiesContextBeforeModesTestExecutionListener@71d8cfe7, org.springframework.test.context.event.ApplicationEventsTestExecutionListener@1e530163, org.springframework.boot.test.mock.mockito.MockitoTestExecutionListener@14d8444b, org.springframework.boot.test.autoconfigure.SpringBootDependencyInjectionTestExecutionListener@71466383, org.springframework.test.context.support.DirtiesContextTestExecutionListener@46d63dbb, org.springframework.test.context.event.EventPublishingTestExecutionListener@4088741b, org.springframework.boot.test.mock.mockito.ResetMocksTestExecutionListener@16a49a5d, org.springframework.boot.test.autoconfigure.restdocs.RestDocsTestExecutionListener@54bca971, org.springframework.boot.test.autoconfigure.web.client.MockRestServiceServerResetTestExecutionListener@23706db8, org.springframework.boot.test.autoconfigure.web.servlet.MockMvcPrintOnlyOnFailureTestExecutionListener@205bed61, org.springframework.boot.test.autoconfigure.web.servlet.WebDriverTestExecutionListener@129fed45, org.springframework.boot.test.autoconfigure.webservices.client.MockWebServiceServerTestExecutionListener@23592946]
20:47:17.992 [main] DEBUG org.springframework.test.context.support.AbstractDirtiesContextTestExecutionListener - Before test class: context [DefaultTestContext@46731692 testClass = SantoriniApplicationTests, testInstance = [null], testMethod = [null], testException = [null], mergedContextConfiguration = [WebMergedContextConfiguration@782bf610 testClass = SantoriniApplicationTests, locations = '{}', classes = '{class edu.cmu.cs214.Santorini.SantoriniApplication}', contextInitializerClasses = '[]', activeProfiles = '{}', propertySourceLocations = '{}', propertySourceProperties = '{org.springframework.boot.test.context.SpringBootTestContextBootstrapper=true}', contextCustomizers = set[org.springframework.boot.test.context.filter.ExcludeFilterContextCustomizer@7cd1ac19, org.springframework.boot.test.json.DuplicateJsonObjectContextCustomizerFactory$DuplicateJsonObjectContextCustomizer@1804f60d, org.springframework.boot.test.mock.mockito.MockitoContextCustomizer@0, org.springframework.boot.test.web.client.TestRestTemplateContextCustomizer@58783f6c, org.springframework.boot.test.autoconfigure.actuate.metrics.MetricsExportContextCustomizerFactory$DisableMetricExportContextCustomizer@182b435b, org.springframework.boot.test.autoconfigure.properties.PropertyMappingContextCustomizer@0, org.springframework.boot.test.autoconfigure.web.servlet.WebDriverContextCustomizerFactory$Customizer@3301500b, org.springframework.boot.test.context.SpringBootTestArgs@1, org.springframework.boot.test.context.SpringBootTestWebEnvironment@32ee6fee], resourceBasePath = 'src/main/webapp', contextLoader = 'org.springframework.boot.test.context.SpringBootContextLoader', parent = [null]], attributes = map['org.springframework.test.context.web.ServletTestExecutionListener.activateListener' -> true]], class annotated with @DirtiesContext [false] with mode [null].
20:47:18.083 [main] DEBUG org.springframework.test.context.support.TestPropertySourceUtils - Adding inlined properties to environment: {spring.jmx.enabled=false, org.springframework.boot.test.context.SpringBootTestContextBootstrapper=true}

  .   ____          _            __ _ _
 /\\ / ___'_ __ _ _(_)_ __  __ _ \ \ \ \
( ( )\___ | '_ | '_| | '_ \/ _` | \ \ \ \
 \\/  ___)| |_)| | | | | || (_| |  ) ) ) )
  '  |____| .__|_| |_|_| |_\__, | / / / /
 =========|_|==============|___/=/_/_/_/
 :: Spring Boot ::                (v2.5.6)

2021-10-30 20:47:18.580  INFO 95081 --- [           main] e.c.c.S.SantoriniApplicationTests        : Starting SantoriniApplicationTests using Java 16.0.2 on FLYNWANG-MB0 with PID 95081 (started by wfy in /Users/wfy/CMU_courses/17514/hw3-santorini-wfyhehe)
2021-10-30 20:47:18.585  INFO 95081 --- [           main] e.c.c.S.SantoriniApplicationTests        : No active profile set, falling back to default profiles: default
2021-10-30 20:47:20.790  INFO 95081 --- [           main] e.c.c.S.SantoriniApplicationTests        : Started SantoriniApplicationTests in 2.692 seconds (JVM running for 5.321)
]]></system-out>
  </testcase>
</testsuite>